<?xml version="1.0" encoding="UTF-8"?>
<!-- Generated by org.testng.reporters.JUnitXMLReporter -->
<testsuite hostname="1JH4XS2" name="automation-tests" tests="1" failures="1" timestamp="22 Jul 2020 06:24:16 GMT" time="63.636" errors="0">
  <testcase name="feature" time="63.295" classname="cucumberIntegrationTests.CucumberRunnerUtil">
    <failure type="cucumber.runtime.CucumberException" message="org.openqa.selenium.WebDriverException: An unknown server-side error occurred while processing the command.
Build info: version: &amp;apos;3.12.0&amp;apos;, revision: &amp;apos;7c6e0b3&amp;apos;, time: &amp;apos;2018-05-08T14:04:26.12Z&amp;apos;
System info: host: &amp;apos;1JH4XS2&amp;apos;, ip: &amp;apos;192.168.43.49&amp;apos;, os.name: &amp;apos;Windows 10&amp;apos;, os.arch: &amp;apos;amd64&amp;apos;, os.version: &amp;apos;10.0&amp;apos;, java.version: &amp;apos;1.8.0_221&amp;apos;
Driver info: io.appium.java_client.android.AndroidDriver
Capabilities {app: C:\Users\saravanan.kandan\D..., appActivity: com.amazon.mShop.home.HomeA..., appPackage: in.amazon.mShop.android.sho..., automationName: UiAutomator2, databaseEnabled: false, desired: {app: C:\Users\saravanan.kandan\D..., appActivity: com.amazon.mShop.home.HomeA..., appPackage: in.amazon.mShop.android.sho..., automationName: UiAutomator2, deviceName: Android Emulator, name: userHasAmazonApp, noReset: false, platformName: android}, deviceApiLevel: 29, deviceManufacturer: OnePlus, deviceModel: GM1901, deviceName: 1f68912d, deviceScreenDensity: 420, deviceScreenSize: 1080x2340, deviceUDID: 1f68912d, javascriptEnabled: true, locationContextEnabled: false, name: userHasAmazonApp, networkConnectionEnabled: true, noReset: false, pixelRatio: 2.625, platform: LINUX, platformName: Android, platformVersion: 10, statBarHeight: 80, takesScreenshot: true, viewportRect: {height: 2054, left: 0, top: 80, width: 1080}, warnings: {}, webStorageEnabled: false}
Session ID: 7b3c7369-1078-43bd-9953-1cd41a88acc2">
      <![CDATA[cucumber.runtime.CucumberException: org.openqa.selenium.WebDriverException: An unknown server-side error occurred while processing the command.
Build info: version: '3.12.0', revision: '7c6e0b3', time: '2018-05-08T14:04:26.12Z'
System info: host: '1JH4XS2', ip: '192.168.43.49', os.name: 'Windows 10', os.arch: 'amd64', os.version: '10.0', java.version: '1.8.0_221'
Driver info: io.appium.java_client.android.AndroidDriver
Capabilities {app: C:\Users\saravanan.kandan\D..., appActivity: com.amazon.mShop.home.HomeA..., appPackage: in.amazon.mShop.android.sho..., automationName: UiAutomator2, databaseEnabled: false, desired: {app: C:\Users\saravanan.kandan\D..., appActivity: com.amazon.mShop.home.HomeA..., appPackage: in.amazon.mShop.android.sho..., automationName: UiAutomator2, deviceName: Android Emulator, name: userHasAmazonApp, noReset: false, platformName: android}, deviceApiLevel: 29, deviceManufacturer: OnePlus, deviceModel: GM1901, deviceName: 1f68912d, deviceScreenDensity: 420, deviceScreenSize: 1080x2340, deviceUDID: 1f68912d, javascriptEnabled: true, locationContextEnabled: false, name: userHasAmazonApp, networkConnectionEnabled: true, noReset: false, pixelRatio: 2.625, platform: LINUX, platformName: Android, platformVersion: 10, statBarHeight: 80, takesScreenshot: true, viewportRect: {height: 2054, left: 0, top: 80, width: 1080}, warnings: {}, webStorageEnabled: false}
Session ID: 7b3c7369-1078-43bd-9953-1cd41a88acc2
	at cucumber.api.testng.TestNGCucumberRunner.runCucumber(TestNGCucumberRunner.java:69)
	at cucumberIntegrationTests.CucumberRunnerUtil.feature(CucumberRunnerUtil.java:49)
Caused by: org.openqa.selenium.WebDriverException: An unknown server-side error occurred while processing the command.
Build info: version: '3.12.0', revision: '7c6e0b3', time: '2018-05-08T14:04:26.12Z'
System info: host: '1JH4XS2', ip: '192.168.43.49', os.name: 'Windows 10', os.arch: 'amd64', os.version: '10.0', java.version: '1.8.0_221'
Driver info: io.appium.java_client.android.AndroidDriver
Capabilities {app: C:\Users\saravanan.kandan\D..., appActivity: com.amazon.mShop.home.HomeA..., appPackage: in.amazon.mShop.android.sho..., automationName: UiAutomator2, databaseEnabled: false, desired: {app: C:\Users\saravanan.kandan\D..., appActivity: com.amazon.mShop.home.HomeA..., appPackage: in.amazon.mShop.android.sho..., automationName: UiAutomator2, deviceName: Android Emulator, name: userHasAmazonApp, noReset: false, platformName: android}, deviceApiLevel: 29, deviceManufacturer: OnePlus, deviceModel: GM1901, deviceName: 1f68912d, deviceScreenDensity: 420, deviceScreenSize: 1080x2340, deviceUDID: 1f68912d, javascriptEnabled: true, locationContextEnabled: false, name: userHasAmazonApp, networkConnectionEnabled: true, noReset: false, pixelRatio: 2.625, platform: LINUX, platformName: Android, platformVersion: 10, statBarHeight: 80, takesScreenshot: true, viewportRect: {height: 2054, left: 0, top: 80, width: 1080}, warnings: {}, webStorageEnabled: false}
Session ID: 7b3c7369-1078-43bd-9953-1cd41a88acc2
	at org.openqa.selenium.remote.http.W3CHttpResponseCodec.createException(W3CHttpResponseCodec.java:187)
	at org.openqa.selenium.remote.http.W3CHttpResponseCodec.decode(W3CHttpResponseCodec.java:122)
	at org.openqa.selenium.remote.http.W3CHttpResponseCodec.decode(W3CHttpResponseCodec.java:49)
	at org.openqa.selenium.remote.HttpCommandExecutor.execute(HttpCommandExecutor.java:158)
	at io.appium.java_client.remote.AppiumCommandExecutor.execute(AppiumCommandExecutor.java:231)
	at org.openqa.selenium.remote.RemoteWebDriver.execute(RemoteWebDriver.java:543)
	at io.appium.java_client.DefaultGenericMobileDriver.execute(DefaultGenericMobileDriver.java:42)
	at io.appium.java_client.AppiumDriver.execute(AppiumDriver.java:1)
	at io.appium.java_client.android.AndroidDriver.execute(AndroidDriver.java:1)
	at io.appium.java_client.PerformsTouchActions.performTouchAction(PerformsTouchActions.java:41)
	at io.appium.java_client.TouchAction.perform(TouchAction.java:187)
	at UITestFramework.GenericMethods.scrollDown(GenericMethods.java:385)
	at cucumberIntegrationTests.stepDefinitions.common.LoginSteps.userShouldBeAbleToScroll(LoginSteps.java:110)
	at ✽.And user should be able to scroll and select the product in the search list(LoginTest.feature:14)
... Removed 31 stack frames]]>
    </failure>
  </testcase> <!-- feature -->
</testsuite> <!-- automation-tests -->
