<?xml version="1.0" encoding="UTF-8"?>
<testng-results skipped="0" failed="0" total="1" passed="1">
  <reporter-output>
  </reporter-output>
  <suite name="mobile-automation-framework" duration-ms="72380" started-at="2020-08-09T14:25:20Z" finished-at="2020-08-09T14:26:32Z">
    <groups>
      <group name="cucumber">
        <method signature="CucumberRunnerUtil.feature(cucumber.api.testng.CucumberFeatureWrapper)[pri:0, instance:cucumberIntegrationTests.CucumberRunnerUtil@cc285f4]" name="feature" class="cucumberIntegrationTests.CucumberRunnerUtil"/>
      </group> <!-- cucumber -->
    </groups>
    <test name="automation-tests" duration-ms="72380" started-at="2020-08-09T14:25:20Z" finished-at="2020-08-09T14:26:32Z">
      <class name="cucumberIntegrationTests.CucumberRunnerUtil">
        <test-method status="PASS" signature="setCreateSession()[pri:0, instance:cucumberIntegrationTests.CucumberRunnerUtil@cc285f4]" name="setCreateSession" is-config="true" duration-ms="11" started-at="2020-08-09T19:55:20Z" finished-at="2020-08-09T19:55:20Z">
          <reporter-output>
          </reporter-output>
        </test-method> <!-- setCreateSession -->
        <test-method status="PASS" signature="setUpClass()[pri:0, instance:cucumberIntegrationTests.CucumberRunnerUtil@cc285f4]" name="setUpClass" is-config="true" duration-ms="268" started-at="2020-08-09T19:55:20Z" finished-at="2020-08-09T19:55:20Z">
          <reporter-output>
          </reporter-output>
        </test-method> <!-- setUpClass -->
        <test-method status="PASS" signature="driverObjectCreation(java.lang.String, java.lang.reflect.Method)[pri:0, instance:cucumberIntegrationTests.CucumberRunnerUtil@cc285f4]" name="driverObjectCreation" is-config="true" duration-ms="1" started-at="2020-08-09T19:55:20Z" finished-at="2020-08-09T19:55:20Z">
          <params>
            <param index="0">
              <value>
                <![CDATA[android]]>
              </value>
            </param>
            <param index="1">
              <value>
                <![CDATA[public void cucumberIntegrationTests.CucumberRunnerUtil.feature(cucumber.api.testng.CucumberFeatureWrapper)]]>
              </value>
            </param>
          </params>
          <reporter-output>
          </reporter-output>
        </test-method> <!-- driverObjectCreation -->
        <test-method status="PASS" signature="feature(cucumber.api.testng.CucumberFeatureWrapper)[pri:0, instance:cucumberIntegrationTests.CucumberRunnerUtil@cc285f4]" name="feature" duration-ms="71998" started-at="2020-08-09T19:55:20Z" description="Runs Cucumber Feature" data-provider="features" finished-at="2020-08-09T19:56:32Z">
          <params>
            <param index="0">
              <value>
                <![CDATA[Buget portal functional testing on open environment]]>
              </value>
            </param>
          </params>
          <reporter-output>
          </reporter-output>
        </test-method> <!-- feature -->
        <test-method status="PASS" signature="tearDownClass()[pri:0, instance:cucumberIntegrationTests.CucumberRunnerUtil@cc285f4]" name="tearDownClass" is-config="true" duration-ms="18" started-at="2020-08-09T19:56:32Z" finished-at="2020-08-09T19:56:32Z">
          <reporter-output>
          </reporter-output>
        </test-method> <!-- tearDownClass -->
        <test-method status="PASS" signature="cleanUp()[pri:0, instance:cucumberIntegrationTests.CucumberRunnerUtil@cc285f4]" name="cleanUp" is-config="true" duration-ms="1" started-at="2020-08-09T19:56:32Z" finished-at="2020-08-09T19:56:32Z">
          <reporter-output>
          </reporter-output>
        </test-method> <!-- cleanUp -->
      </class> <!-- cucumberIntegrationTests.CucumberRunnerUtil -->
    </test> <!-- automation-tests -->
  </suite> <!-- mobile-automation-framework -->
</testng-results>
